<?xml version="1.0" encoding="UTF-8"?>
<testsuite xmlns:xsi="http://www.w3.org/2001/XMLSchema-instance" xsi:noNamespaceSchemaLocation="https://maven.apache.org/surefire/maven-surefire-plugin/xsd/surefire-test-report.xsd" name="com.interview.test.orderservice.service.OrderServiceTest" time="0.042" tests="3" errors="0" skipped="0" failures="0">
  <properties>
[...]
</properties>
  <testcase name="placeOrderWithInvalidItems" classname="com.interview.test.orderservice.service.OrderServiceTest" time="0.025"/>
  <testcase name="placeOrderWithZeroItems" classname="com.interview.test.orderservice.service.OrderServiceTest" time="0"/>
  <testcase name="placeOrderWithCartItems" classname="com.interview.test.orderservice.service.OrderServiceTest" time="0.004"/>
</testsuite>